

File ap_ir1b1.tfs: "VSSG.B3L1.A.B1"  s=26604.04525  N1=10.04502784  "RECTELLIPSE"  AP=(0.029, 0.0241, 0.029, 0.029)
File ap_ir1b2.tfs: "VSSG.3R1.B.B2"  s=26604.12017  N1=10.00227486  "RECTELLIPSE"  AP=(0.029, 0.0241, 0.029, 0.029)
File ap_ir2b1.tfs: "VSSL.1L2.A.B1"  s=3301.22316  N1=7.269596776  "RECTELLIPSE"  AP=(0.0241, 0.0192, 0.0241, 0.0241)
File ap_ir2b2.tfs: "VSSL.1R2.B.B2"  s=23295.38555  N1=7.260178723  "RECTELLIPSE"  AP=(0.0241, 0.0192, 0.0241, 0.0241)
File ap_ir3b1.tfs: "VMGIA.4L3.B.B1"  s=6642.095797  N1=8.727683969  "ELLIPSE"  AP=(0.026, 0.015, 0.026, 0.015)
File ap_ir3b2.tfs: "VMGIA.4R3.A.B2"  s=19971.53738  N1=8.72867291  "ELLIPSE"  AP=(0.026, 0.015, 0.026, 0.015)
File ap_ir4b1.tfs: "VSSG.6L4.A.B1"  s=9824.736037  N1=9.190166394  "RECTELLIPSE"  AP=(0.029, 0.0241, 0.029, 0.029)
File ap_ir4b2.tfs: "VSSG.6R4.A.B2"  s=16494.75478  N1=8.845673569  "RECTELLIPSE"  AP=(0.029, 0.0241, 0.029, 0.029)
File ap_ir5b1.tfs: "VSSB.6R5.A.B1"  s=13554.68912  N1=8.411972864  "RECTELLIPSE"  AP=(0.0226, 0.0177, 0.0226, 0.0226)
File ap_ir5b2.tfs: "VSSB.6L5.A.B2"  s=13560.66933  N1=8.345209396  "RECTELLIPSE"  AP=(0.0226, 0.0177, 0.0226, 0.0226)
File ap_ir6b1.tfs: "VSSG.4L6.B.B1"  s=16493.36252  N1=8.580383276  "RECTELLIPSE"  AP=(0.029, 0.0241, 0.029, 0.029)
File ap_ir6b2.tfs: "VSSG.A5L6.A.B2"  s=10207.85398  N1=8.586240307  "RECTELLIPSE"  AP=(0.029, 0.0241, 0.029, 0.029)
File ap_ir7b1.tfs: "VCELQ.F5L7.B.B1"  s=19853.60638  N1=5.267935285  "ELLIPSE"  AP=(0.026, 0.015, 0.026, 0.015)
File ap_ir7b2.tfs: "VMGIA.B4R7.B.B2"  s=6578.734794  N1=9.890404095  "ELLIPSE"  AP=(0.026, 0.015, 0.026, 0.015)
File ap_ir8b1.tfs: "VSSB.6L8.B.B1"  s=23089.97322  N1=9.357347247  "RECTELLIPSE"  AP=(0.0226, 0.0177, 0.0226, 0.0226)
File ap_ir8b2.tfs: "VSSB.6R8.A.B2"  s=3105.897929  N1=8.235768693  "RECTELLIPSE"  AP=(0.0226, 0.0177, 0.0226, 0.0226)

File ap_ir1b1.tfs, IT bottleneck: "MQXB.B2L1..114"  s=26619.71026  N1=11.93318601  "RECTELLIPSE"  AP=(0.024, 0.0289, 0.0289, 0.0289)
File ap_ir1b2.tfs, IT bottleneck: "MQXB.B2R1"  s=26619.83317  N1=12.00265238  "RECTELLIPSE"  AP=(0.024, 0.0289, 0.0289, 0.0289)
File ap_ir2b1.tfs, IT bottleneck: "MQXB.B2R2..8"  s=3371.308701  N1=10.92383434  "RECTELLIPSE"  AP=(0.024, 0.0289, 0.0289, 0.0289)
File ap_ir2b2.tfs, IT bottleneck: "MQXB.B2L2"  s=23365.64896  N1=11.1132738  "RECTELLIPSE"  AP=(0.024, 0.0289, 0.0289, 0.0289)
File ap_ir5b1.tfs, IT bottleneck: "MQXB.B2L5..115"  s=13290.15927  N1=11.93753903  "RECTELLIPSE"  AP=(0.0289, 0.024, 0.0289, 0.0289)
File ap_ir5b2.tfs, IT bottleneck: "MQXB.B2R5"  s=13290.23922  N1=11.89205213  "RECTELLIPSE"  AP=(0.0289, 0.024, 0.0289, 0.0289)
File ap_ir8b1.tfs, IT bottleneck: "MQXA.1L8_MKEN"  s=23286.04396  N1=10.75037169  "RECTELLIPSE"  AP=(0.02385, 0.01895, 0.02385, 0.02385)
File ap_ir8b2.tfs, IT bottleneck: "MQXB.B2R8"  s=3304.60658  N1=10.95468099  "RECTELLIPSE"  AP=(0.0289, 0.024, 0.0289, 0.0289)
