

File ap_ir1b1.tfs: "VSSG.B3L1.A.B1"  s=26604.04525  N1=17.97564215  "RECTELLIPSE"  AP=(0.029, 0.0241, 0.029, 0.029)
File ap_ir1b2.tfs: "VSSG.3R1.B.B2"  s=26604.12017  N1=17.94626301  "RECTELLIPSE"  AP=(0.029, 0.0241, 0.029, 0.029)
File ap_ir2b1.tfs: "VSSL.1L2.A.B1"  s=3301.22316  N1=26.79399509  "RECTELLIPSE"  AP=(0.0241, 0.0192, 0.0241, 0.0241)
File ap_ir2b2.tfs: "VSSL.1R2.B.B2"  s=23295.38555  N1=26.76838207  "RECTELLIPSE"  AP=(0.0241, 0.0192, 0.0241, 0.0241)
File ap_ir3b1.tfs: "VMGIA.4L3.B.B1"  s=6642.095797  N1=35.81818919  "ELLIPSE"  AP=(0.026, 0.015, 0.026, 0.015)
File ap_ir3b2.tfs: "VMGIA.4R3.A.B2"  s=19971.53738  N1=35.7891017  "ELLIPSE"  AP=(0.026, 0.015, 0.026, 0.015)
File ap_ir4b1.tfs: "MQ.11R4.B1..4"  s=10431.92892  N1=30.26040068  "RECTELLIPSE"  AP=(0.022, 0.01715, 0.022, 0.022)
File ap_ir4b2.tfs: "MCBV.12R4.B2"  s=16169.49117  N1=32.16206595  "RECTELLIPSE"  AP=(0.022, 0.01715, 0.022, 0.022)
File ap_ir5b1.tfs: "VC5S.A1R5.B.B1"  s=13350.35182  N1=21.77747273  "CIRCLE"  AP=(0.017, 0.017, 0.017, 0.017)
File ap_ir5b2.tfs: "VC5S.A1R5.B.B2"  s=13308.22662  N1=21.72509943  "CIRCLE"  AP=(0.017, 0.017, 0.017, 0.017)
File ap_ir6b1.tfs: "MQT.12L6.B1_MKEX"  s=16169.80766  N1=32.18947386  "RECTELLIPSE"  AP=(0.022, 0.01715, 0.022, 0.022)
File ap_ir6b2.tfs: "MQ.11L6.B2"  s=10433.83075  N1=31.93359609  "RECTELLIPSE"  AP=(0.022, 0.01715, 0.022, 0.022)
File ap_ir7b1.tfs: "VCELQ.F5L7.B.B1"  s=19853.60638  N1=22.03958452  "ELLIPSE"  AP=(0.026, 0.015, 0.026, 0.015)
File ap_ir7b2.tfs: "VMGIA.B4L7.A.B2"  s=6750.706794  N1=40.24694767  "ELLIPSE"  AP=(0.015, 0.026, 0.015, 0.026)
File ap_ir8b1.tfs: "MCBXH.2R8"  s=23353.39796  N1=19.55092617  "RECTELLIPSE"  AP=(0.0289, 0.024, 0.0289, 0.0289)
File ap_ir8b1.tfs: "MCBXV.2R8"  s=23353.39796  N1=19.55092617  "RECTELLIPSE"  AP=(0.0289, 0.024, 0.0289, 0.0289)
File ap_ir8b2.tfs: "MQXB.B2L8"  s=3382.70658  N1=19.98420996  "RECTELLIPSE"  AP=(0.0289, 0.024, 0.0289, 0.0289)

File ap_ir1b1.tfs, IT bottleneck: "MQXB.B2L1..111"  s=26619.58134  N1=24.23253297  "RECTELLIPSE"  AP=(0.024, 0.0289, 0.0289, 0.0289)
File ap_ir1b2.tfs, IT bottleneck: "MQXB.B2R1"  s=26619.33317  N1=24.09801427  "RECTELLIPSE"  AP=(0.024, 0.0289, 0.0289, 0.0289)
File ap_ir2b1.tfs, IT bottleneck: "MQXB.B2L2..116"  s=3293.349609  N1=43.15009663  "RECTELLIPSE"  AP=(0.024, 0.0289, 0.0289, 0.0289)
File ap_ir2b2.tfs, IT bottleneck: "MQXB.B2R2"  s=23287.54896  N1=43.11657354  "RECTELLIPSE"  AP=(0.024, 0.0289, 0.0289, 0.0289)
File ap_ir5b1.tfs, IT bottleneck: "MQXB.B2R5..15"  s=13368.46213  N1=22.51967384  "RECTELLIPSE"  AP=(0.0289, 0.024, 0.0289, 0.0289)
File ap_ir5b2.tfs, IT bottleneck: "MQXB.B2L5"  s=13368.33922  N1=22.48860329  "RECTELLIPSE"  AP=(0.0289, 0.024, 0.0289, 0.0289)
File ap_ir8b1.tfs, IT bottleneck: "MQXB.B2R8..15"  s=23354.55188  N1=19.88634023  "RECTELLIPSE"  AP=(0.0289, 0.024, 0.0289, 0.0289)
File ap_ir8b2.tfs, IT bottleneck: "MQXB.B2L8"  s=3382.70658  N1=19.98420996  "RECTELLIPSE"  AP=(0.0289, 0.024, 0.0289, 0.0289)
