

File ap_ir1b1.tfs: "VCTND.4L1.A.B1"  s=26599.45718  N1=22.96149407  "RECTELLIPSE"  AP=(0.064, 0.0265, 0.064, 0.0265)
File ap_ir1b2.tfs: "VCTNC.4R1.B.B2"  s=26599.58117  N1=22.94196387  "RECTELLIPSE"  AP=(0.064, 0.0265, 0.064, 0.0265)
File ap_ir2b1.tfs: "MCBV.12L2.B1_MKEN"  s=2844.530941  N1=32.20643064  "RECTELLIPSE"  AP=(0.022, 0.01715, 0.022, 0.022)
File ap_ir2b2.tfs: "MQ.11L2.B2..4"  s=23763.22787  N1=31.78918075  "RECTELLIPSE"  AP=(0.022, 0.01715, 0.022, 0.022)
File ap_ir3b1.tfs: "BPMW.4L3.A.B1"  s=6642.095796  N1=43.85350991  "RECTELLIPSE"  AP=(0.026, 0.015, 0.026, 0.015)
File ap_ir3b1.tfs: "VMGIA.4L3.B.B1"  s=6642.095796  N1=43.85350991  "RECTELLIPSE"  AP=(0.026, 0.015, 0.026, 0.015)
File ap_ir3b2.tfs: "MQ.11R3.B2..5"  s=19558.79955  N1=43.72961436  "RECTELLIPSE"  AP=(0.022, 0.01715, 0.022, 0.022)
File ap_ir4b1.tfs: "MQ.11R4.B1..4"  s=10431.92892  N1=30.26494932  "RECTELLIPSE"  AP=(0.022, 0.01715, 0.022, 0.022)
File ap_ir4b2.tfs: "MCBV.12R4.B2_MKEX"  s=16169.49117  N1=32.1782306  "RECTELLIPSE"  AP=(0.022, 0.01715, 0.022, 0.022)
File ap_ir5b1.tfs: "VSSL.1R5.B.B1"  s=13360.50262  N1=23.66642324  "RECTELLIPSE"  AP=(0.0241, 0.0192, 0.0241, 0.0241)
File ap_ir5b2.tfs: "VSSL.1L5.A.B2"  s=13360.50265  N1=23.57307058  "RECTELLIPSE"  AP=(0.0241, 0.0192, 0.0241, 0.0241)
File ap_ir6b1.tfs: "MQT.12L6.B1_MKEX"  s=16169.80766  N1=32.19072377  "RECTELLIPSE"  AP=(0.022, 0.01715, 0.022, 0.022)
File ap_ir6b2.tfs: "MQ.11L6.B2..4"  s=10433.63393  N1=31.94503078  "RECTELLIPSE"  AP=(0.022, 0.01715, 0.022, 0.022)
File ap_ir7b1.tfs: "MQTLI.11L7.B1_MKEN"  s=19558.61672  N1=43.30686671  "RECTELLIPSE"  AP=(0.022, 0.01715, 0.022, 0.022)
File ap_ir7b2.tfs: "MQ.8L7.B2..5"  s=6969.86563  N1=43.42597193  "RECTELLIPSE"  AP=(0.022, 0.01715, 0.022, 0.022)
File ap_ir8b1.tfs: "MCBXH.2R8"  s=23353.39796  N1=19.56339567  "RECTELLIPSE"  AP=(0.0289, 0.024, 0.0289, 0.0289)
File ap_ir8b1.tfs: "MCBXV.2R8"  s=23353.39796  N1=19.56339567  "RECTELLIPSE"  AP=(0.0289, 0.024, 0.0289, 0.0289)
File ap_ir8b2.tfs: "MQXB.B2L8..15"  s=3382.8295  N1=19.97747568  "RECTELLIPSE"  AP=(0.0289, 0.024, 0.0289, 0.0289)

File ap_ir1b1.tfs, IT bottleneck: "MQXB.B2L1..111"  s=26619.58134  N1=24.21760589  "RECTELLIPSE"  AP=(0.024, 0.0289, 0.0289, 0.0289)
File ap_ir1b2.tfs, IT bottleneck: "MQXB.B2R1..111"  s=26619.58134  N1=24.09294303  "RECTELLIPSE"  AP=(0.024, 0.0289, 0.0289, 0.0289)
File ap_ir2b1.tfs, IT bottleneck: "MQXB.B2L2..115"  s=3293.306637  N1=43.13482771  "RECTELLIPSE"  AP=(0.024, 0.0289, 0.0289, 0.0289)
File ap_ir2b2.tfs, IT bottleneck: "MQXB.B2R2..115"  s=23287.46901  N1=43.13405537  "RECTELLIPSE"  AP=(0.024, 0.0289, 0.0289, 0.0289)
File ap_ir5b1.tfs, IT bottleneck: "MQXB.B2L5..111"  s=13289.98738  N1=23.81771363  "RECTELLIPSE"  AP=(0.0289, 0.024, 0.0289, 0.0289)
File ap_ir5b2.tfs, IT bottleneck: "MQXB.B2R5..111"  s=13289.98739  N1=23.7321741  "RECTELLIPSE"  AP=(0.0289, 0.024, 0.0289, 0.0289)
File ap_ir8b1.tfs, IT bottleneck: "MQXB.B2R8..15"  s=23354.55188  N1=19.89868438  "RECTELLIPSE"  AP=(0.0289, 0.024, 0.0289, 0.0289)
File ap_ir8b2.tfs, IT bottleneck: "MQXB.B2L8..15"  s=3382.8295  N1=19.97747568  "RECTELLIPSE"  AP=(0.0289, 0.024, 0.0289, 0.0289)
